<?xml version="1.0" encoding="UTF-8"?>
<testng-results ignored="0" total="2" passed="2" failed="0" skipped="0">
  <reporter-output>
  </reporter-output>
  <suite started-at="2024-03-14T13:45:35 CDT" name="Default suite" finished-at="2024-03-14T13:45:39 CDT" duration-ms="4441">
    <groups>
    </groups>
    <test started-at="2024-03-14T13:45:35 CDT" name="Default test" finished-at="2024-03-14T13:45:39 CDT" duration-ms="4441">
      <class name="testCases.UpdateAccount">
        <test-method signature="updateAccount()[pri:1, instance:testCases.UpdateAccount@f09733f]" started-at="2024-03-14T13:45:35 CDT" name="updateAccount" finished-at="2024-03-14T13:45:38 CDT" duration-ms="3341" status="PASS">
          <reporter-output>
          </reporter-output>
        </test-method> <!-- updateAccount -->
        <test-method signature="getAccountDetails()[pri:2, instance:testCases.UpdateAccount@f09733f]" started-at="2024-03-14T13:45:38 CDT" name="getAccountDetails" finished-at="2024-03-14T13:45:39 CDT" duration-ms="1061" status="PASS">
          <reporter-output>
          </reporter-output>
        </test-method> <!-- getAccountDetails -->
      </class> <!-- testCases.UpdateAccount -->
    </test> <!-- Default test -->
  </suite> <!-- Default suite -->
</testng-results>
